13:02:48.727 [main] INFO  com.mindtree.stepDefinition.stepdefinition - Product successfully filtered
13:03:19.946 [main] INFO  com.mindtree.pageOfObjects.Homepage - Login successfully
13:03:23.581 [main] INFO  com.mindtree.pageOfObjects.Homepage - Product searched successfully
13:03:25.269 [main] INFO  com.mindtree.pageOfObjects.List_of_products_page - Product finded and clicked successfully
13:03:27.955 [main] INFO  com.mindtree.pageOfObjects.List_of_products_page - Product is in move_to__addtocart_page clicked
13:03:30.248 [main] INFO  com.mindtree.pageOfObjects.List_of_products_page - Homepage is clicked successfully
13:03:31.277 [main] INFO  com.mindtree.stepDefinition.stepdefinition - Grabbed the price of product and returned to homepage
13:04:07.603 [main] INFO  com.mindtree.pageOfObjects.Homepage - Login successfully
13:04:15.138 [main] INFO  com.mindtree.pageOfObjects.Homepage - Stores clicked successfully
13:04:17.845 [main] INFO  com.mindtree.pageOfObjects.List_of_products_page - Mumbai offline store is clicked successfully
13:04:18.772 [main] INFO  com.mindtree.pageOfObjects.List_of_products_page - view_on_google_maps is clicked successfully
13:04:26.842 [main] INFO  com.mindtree.pageOfObjects.List_of_products_page - Google map title is valid successfully
13:04:26.968 [main] INFO  com.mindtree.stepDefinition.stepdefinition - Google location has showed for particular location
13:04:50.673 [main] INFO  com.mindtree.pageOfObjects.Homepage - Login successfully
13:04:53.830 [main] INFO  com.mindtree.pageOfObjects.Homepage - Product searched successfully
13:04:55.606 [main] INFO  com.mindtree.pageOfObjects.List_of_products_page - Product finded and clicked successfully
13:05:02.144 [main] INFO  com.mindtree.pageOfObjects.List_of_products_page - Add to cart is clicked successfully
13:05:02.476 [main] INFO  com.mindtree.pageOfObjects.List_of_products_page - Checkout is clicked successfully
13:05:05.869 [main] INFO  com.mindtree.pageOfObjects.List_of_products_page - save and continue is clicked successfully
13:05:12.758 [main] INFO  com.mindtree.pageOfObjects.List_of_products_page - Place order is clicked successfully
13:05:12.850 [main] INFO  com.mindtree.stepDefinition.stepdefinition - Payment page has showed
13:05:44.243 [main] INFO  com.mindtree.pageOfObjects.Homepage - Login successfully
13:05:46.796 [main] INFO  com.mindtree.pageOfObjects.Homepage - User stories clicked successfully
13:05:46.908 [main] INFO  com.mindtree.pageOfObjects.List_of_products_page - a + count inuser stories 
13:06:19.149 [main] INFO  com.mindtree.pageOfObjects.Homepage - Login successfully
13:06:23.913 [main] INFO  com.mindtree.stepDefinition.stepdefinition - Message is verified
13:06:44.066 [main] INFO  com.mindtree.pageOfObjects.Homepage - Login successfully
13:06:48.701 [main] ERROR com.mindtree.stepDefinition.stepdefinition - produt is not clicked
13:07:49.825 [main] ERROR com.mindtree.stepDefinition.stepdefinition - Product is not added to wishlist
13:08:09.855 [main] INFO  com.mindtree.pageOfObjects.Homepage - Login successfully
13:08:19.593 [main] INFO  com.mindtree.pageOfObjects.Homepage - Stores clicked successfully
13:08:28.057 [main] INFO  com.mindtree.pageOfObjects.List_of_products_page - Appstore is clicked
13:08:39.991 [main] INFO  com.mindtree.pageOfObjects.List_of_products_page - Andriod app is clicked
13:08:41.380 [main] INFO  com.mindtree.stepDefinition.stepdefinition - Andriod app is clicked
